#
# There is insufficient memory for the Java Runtime Environment to continue.
# Native memory allocation (malloc) failed to allocate 1172976 bytes for Chunk::new
# Possible reasons:
#   The system is out of physical RAM or swap space
#   The process is running with CompressedOops enabled, and the Java Heap may be blocking the growth of the native heap
# Possible solutions:
#   Reduce memory load on the system
#   Increase physical memory or swap space
#   Check if swap backing store is full
#   Decrease Java heap size (-Xmx/-Xms)
#   Decrease number of Java threads
#   Decrease Java thread stack sizes (-Xss)
#   Set larger code cache with -XX:ReservedCodeCacheSize=
#   JVM is running with Unscaled Compressed Oops mode in which the Java heap is
#     placed in the first 4GB address space. The Java Heap base address is the
#     maximum limit for the native heap growth. Please use -XX:HeapBaseMinAddress
#     to set the Java Heap base and to place the Java Heap above 4GB virtual address.
# This output file may be truncated or incomplete.
#
#  Out of Memory Error (t:/workspace/open/src/hotspot/share/memory/arena.cpp:198), pid=30216, tid=30152
#
# JRE version: Java(TM) SE Runtime Environment (10.0.1+10) (build 10.0.1+10)
# Java VM: Java HotSpot(TM) 64-Bit Server VM (10.0.1+10, mixed mode, tiered, compressed oops, g1 gc, windows-amd64)
# No core dump will be written. Minidumps are not enabled by default on client versions of Windows
#

---------------  S U M M A R Y ------------

Command Line: -Dfile.encoding=UTF-8 doublebuffering.DoubleBuffering

Host: Intel(R) Core(TM) i3-4000M CPU @ 2.40GHz, 4 cores, 7G,  Windows 10 , 64 bit Build 17134 (10.0.17134.1)
Time: Mon Jun 18 18:02:41 2018 ¢¥eCN©öI¡¾©ö C¡ÍA¨ª¨öA elapsed time: 14 seconds (0d 0h 0m 14s)

---------------  T H R E A D  ---------------

Current thread (0x0000025e2d696000):  JavaThread "C2 CompilerThread0" daemon [_thread_in_native, id=30152, stack(0x0000007c0a900000,0x0000007c0aa00000)]


Current CompileTask:
C2:  14980 1722       4       sun.java2d.pipe.DrawImage::copyImage (60 bytes)

Stack: [0x0000007c0a900000,0x0000007c0aa00000]
Native frames: (J=compiled Java code, j=interpreted, Vv=VM code, C=native code)
V  [jvm.dll+0x5a0369]
V  [jvm.dll+0x6bcf81]
V  [jvm.dll+0x6be176]
V  [jvm.dll+0x6be803]
V  [jvm.dll+0x234998]
V  [jvm.dll+0xbb92c]
V  [jvm.dll+0xbbe2c]
V  [jvm.dll+0x34bd41]
V  [jvm.dll+0x18ee9c]
V  [jvm.dll+0x1ffeed]
V  [jvm.dll+0x1ff066]
V  [jvm.dll+0x17ca6b]
V  [jvm.dll+0x20c81d]
V  [jvm.dll+0x20b5e6]
V  [jvm.dll+0x68bb6f]
V  [jvm.dll+0x59f680]
C  [msvcr120.dll+0x24f7f]
C  [msvcr120.dll+0x25126]
C  [KERNEL32.DLL+0x13034]
C  [ntdll.dll+0x71431]


---------------  P R O C E S S  ---------------

Threads class SMR info:
_java_thread_list=0x0000025e2e8c2f60, length=17, elements={
0x0000025e2d66e000, 0x0000025e2d682000, 0x0000025e2df82800, 0x0000025e2d693800,
0x0000025e2d696000, 0x0000025e2d6a2800, 0x0000025e2df8c000, 0x0000025e2d6ae000,
0x0000025e2e11c800, 0x0000025e2e10f800, 0x0000025e2e4c5000, 0x0000025e2e520800,
0x0000025e2e778000, 0x0000025e2e520000, 0x0000025e2e4aa800, 0x0000025e2e890000,
0x0000025e0dbb6000
}

Java Threads: ( => current thread )
  0x0000025e2d66e000 JavaThread "Reference Handler" daemon [_thread_blocked, id=22620, stack(0x0000007c0a500000,0x0000007c0a600000)]
  0x0000025e2d682000 JavaThread "Finalizer" daemon [_thread_blocked, id=11716, stack(0x0000007c0a600000,0x0000007c0a700000)]
  0x0000025e2df82800 JavaThread "Signal Dispatcher" daemon [_thread_blocked, id=21728, stack(0x0000007c0a700000,0x0000007c0a800000)]
  0x0000025e2d693800 JavaThread "Attach Listener" daemon [_thread_blocked, id=30148, stack(0x0000007c0a800000,0x0000007c0a900000)]
=>0x0000025e2d696000 JavaThread "C2 CompilerThread0" daemon [_thread_in_native, id=30152, stack(0x0000007c0a900000,0x0000007c0aa00000)]
  0x0000025e2d6a2800 JavaThread "C2 CompilerThread1" daemon [_thread_blocked, id=29616, stack(0x0000007c0aa00000,0x0000007c0ab00000)]
  0x0000025e2df8c000 JavaThread "C1 CompilerThread2" daemon [_thread_blocked, id=30316, stack(0x0000007c0ab00000,0x0000007c0ac00000)]
  0x0000025e2d6ae000 JavaThread "Sweeper thread" daemon [_thread_blocked, id=30312, stack(0x0000007c0ac00000,0x0000007c0ad00000)]
  0x0000025e2e11c800 JavaThread "Service Thread" daemon [_thread_blocked, id=27676, stack(0x0000007c0ad00000,0x0000007c0ae00000)]
  0x0000025e2e10f800 JavaThread "Common-Cleaner" daemon [_thread_blocked, id=30320, stack(0x0000007c0ae00000,0x0000007c0af00000)]
  0x0000025e2e4c5000 JavaThread "Java2D Disposer" daemon [_thread_blocked, id=29728, stack(0x0000007c0b000000,0x0000007c0b100000)]
  0x0000025e2e520800 JavaThread "AWT-Windows" daemon [_thread_in_native, id=28876, stack(0x0000007c0b200000,0x0000007c0b300000)]
  0x0000025e2e778000 JavaThread "Image Animator 3" daemon [_thread_blocked, id=30344, stack(0x0000007c0b400000,0x0000007c0b500000)]
  0x0000025e2e520000 JavaThread "AWT-Shutdown" [_thread_blocked, id=30348, stack(0x0000007c0b100000,0x0000007c0b200000)]
  0x0000025e2e4aa800 JavaThread "AWT-EventQueue-0" [_thread_in_native, id=30356, stack(0x0000007c0b500000,0x0000007c0b600000)]
  0x0000025e2e890000 JavaThread "Thread-0" [_thread_blocked, id=30360, stack(0x0000007c0b600000,0x0000007c0b700000)]
  0x0000025e0dbb6000 JavaThread "DestroyJavaVM" [_thread_blocked, id=30300, stack(0x0000007c09800000,0x0000007c09900000)]

Other Threads:
  0x0000025e2d669800 VMThread "VM Thread" [stack: 0x0000007c0a400000,0x0000007c0a500000] [id=30236]
  0x0000025e2e11f800 WatcherThread [stack: 0x0000007c0af00000,0x0000007c0b000000] [id=30324]
  0x0000025e0dbce000 GCTaskThread "GC Thread#0" [stack: 0x0000007c09900000,0x0000007c09a00000] [id=30276]
  0x0000025e0dbcf800 GCTaskThread "GC Thread#1" [stack: 0x0000007c09a00000,0x0000007c09b00000] [id=30264]
  0x0000025e0dbd2000 GCTaskThread "GC Thread#2" [stack: 0x0000007c09b00000,0x0000007c09c00000] [id=30252]
  0x0000025e0dbd5800 GCTaskThread "GC Thread#3" [stack: 0x0000007c09c00000,0x0000007c09d00000] [id=30288]
  0x0000025e0dc43000 ConcurrentGCThread "G1 Main Marker" [stack: 0x0000007c09d00000,0x0000007c09e00000] [id=30280]
  0x0000025e0dc4a800 ConcurrentGCThread "G1 Conc#0" [stack: 0x0000007c09e00000,0x0000007c09f00000] [id=30292]
  0x0000025e2d4ec800 ConcurrentGCThread "G1 Refine#0" [stack: 0x0000007c09f00000,0x0000007c0a000000] [id=30260]
  0x0000025e2d4ed800 ConcurrentGCThread "G1 Refine#1" [stack: 0x0000007c0a000000,0x0000007c0a100000] [id=30268]
  0x0000025e2d4ef800 ConcurrentGCThread "G1 Refine#2" [stack: 0x0000007c0a100000,0x0000007c0a200000] [id=30248]
  0x0000025e2d4f2800 ConcurrentGCThread "G1 Refine#3" [stack: 0x0000007c0a200000,0x0000007c0a300000] [id=30244]
  0x0000025e2d4fd800 ConcurrentGCThread "G1 Young RemSet Sampling" [stack: 0x0000007c0a300000,0x0000007c0a400000] [id=30240]

Threads with active compile tasks:
C2 CompilerThread01722       4       sun.java2d.pipe.DrawImage::copyImage (60 bytes)

VM state:not at safepoint (normal execution)

VM Mutex/Monitor currently owned by a thread: None

Heap address: 0x0000000081400000, size: 2028 MB, Compressed Oops mode: 32-bit
Narrow klass base: 0x0000000000000000, Narrow klass shift: 3
Compressed class space size: 1073741824 Address: 0x0000000100000000

Heap:
 garbage-first heap   total 131072K, used 30540K [0x0000000081400000, 0x0000000100000000)
  region size 1024K, 21 young (21504K), 2 survivors (2048K)
 Metaspace       used 12962K, capacity 13241K, committed 13440K, reserved 1060864K
  class space    used 1404K, capacity 1561K, committed 1664K, reserved 1048576K
Heap Regions: E=young(eden), S=young(survivor), O=old, HS=humongous(starts), HC=humongous(continues), CS=collection set, F=free, A=archive, TS=gc time stamp, AC=allocation context, TAMS=top-at-mark-start (previous, next)
|   0|0x0000000081400000, 0x0000000081500000, 0x0000000081500000|100%|HS|  |TS  0|AC  0|TAMS 0x0000000081400000, 0x0000000081400000|
|   1|0x0000000081500000, 0x0000000081600000, 0x0000000081600000|100%|HC|  |TS  0|AC  0|TAMS 0x0000000081500000, 0x0000000081500000|
|   2|0x0000000081600000, 0x0000000081700000, 0x0000000081700000|100%|HS|  |TS  0|AC  0|TAMS 0x0000000081600000, 0x0000000081600000|
|   3|0x0000000081700000, 0x0000000081800000, 0x0000000081800000|100%|HC|  |TS  0|AC  0|TAMS 0x0000000081700000, 0x0000000081700000|
|   4|0x0000000081800000, 0x0000000081900000, 0x0000000081900000|100%|HC|  |TS  0|AC  0|TAMS 0x0000000081800000, 0x0000000081800000|
|   5|0x0000000081900000, 0x00000000819d3000, 0x0000000081a00000| 82%| O|  |TS  1|AC  0|TAMS 0x0000000081900000, 0x0000000081900000|
|   6|0x0000000081a00000, 0x0000000081b00000, 0x0000000081b00000|100%|HS|  |TS  0|AC  0|TAMS 0x0000000081a00000, 0x0000000081a00000|
|   7|0x0000000081b00000, 0x0000000081c00000, 0x0000000081c00000|100%|HC|  |TS  0|AC  0|TAMS 0x0000000081b00000, 0x0000000081b00000|
|   8|0x0000000081c00000, 0x0000000081d00000, 0x0000000081d00000|100%|HC|  |TS  0|AC  0|TAMS 0x0000000081c00000, 0x0000000081c00000|
|   9|0x0000000081d00000, 0x0000000081e00000, 0x0000000081e00000|100%|HC|  |TS  0|AC  0|TAMS 0x0000000081d00000, 0x0000000081d00000|
|  10|0x0000000081e00000, 0x0000000081e00000, 0x0000000081f00000|  0%| F|  |TS  0|AC  0|TAMS 0x0000000081e00000, 0x0000000081e00000|
|  11|0x0000000081f00000, 0x0000000081f00000, 0x0000000082000000|  0%| F|  |TS  0|AC  0|TAMS 0x0000000081f00000, 0x0000000081f00000|
|  12|0x0000000082000000, 0x0000000082000000, 0x0000000082100000|  0%| F|  |TS  0|AC  0|TAMS 0x0000000082000000, 0x0000000082000000|
|  13|0x0000000082100000, 0x0000000082100000, 0x0000000082200000|  0%| F|  |TS  0|AC  0|TAMS 0x0000000082100000, 0x0000000082100000|
|  14|0x0000000082200000, 0x0000000082200000, 0x0000000082300000|  0%| F|  |TS  0|AC  0|TAMS 0x0000000082200000, 0x0000000082200000|
|  15|0x0000000082300000, 0x0000000082300000, 0x0000000082400000|  0%| F|  |TS  0|AC  0|TAMS 0x0000000082300000, 0x0000000082300000|
|  16|0x0000000082400000, 0x0000000082400000, 0x0000000082500000|  0%| F|  |TS  0|AC  0|TAMS 0x0000000082400000, 0x0000000082400000|
|  17|0x0000000082500000, 0x0000000082500000, 0x0000000082600000|  0%| F|  |TS  0|AC  0|TAMS 0x0000000082500000, 0x0000000082500000|
|  18|0x0000000082600000, 0x0000000082600000, 0x0000000082700000|  0%| F|  |TS  0|AC  0|TAMS 0x0000000082600000, 0x0000000082600000|
|  19|0x0000000082700000, 0x0000000082700000, 0x0000000082800000|  0%| F|  |TS  0|AC  0|TAMS 0x0000000082700000, 0x0000000082700000|
|  20|0x0000000082800000, 0x0000000082800000, 0x0000000082900000|  0%| F|  |TS  0|AC  0|TAMS 0x0000000082800000, 0x0000000082800000|
|  21|0x0000000082900000, 0x0000000082900000, 0x0000000082a00000|  0%| F|  |TS  0|AC  0|TAMS 0x0000000082900000, 0x0000000082900000|
|  22|0x0000000082a00000, 0x0000000082a00000, 0x0000000082b00000|  0%| F|  |TS  0|AC  0|TAMS 0x0000000082a00000, 0x0000000082a00000|
|  23|0x0000000082b00000, 0x0000000082b00000, 0x0000000082c00000|  0%| F|  |TS  0|AC  0|TAMS 0x0000000082b00000, 0x0000000082b00000|
|  24|0x0000000082c00000, 0x0000000082c00000, 0x0000000082d00000|  0%| F|  |TS  0|AC  0|TAMS 0x0000000082c00000, 0x0000000082c00000|
|  25|0x0000000082d00000, 0x0000000082d00000, 0x0000000082e00000|  0%| F|  |TS  0|AC  0|TAMS 0x0000000082d00000, 0x0000000082d00000|
|  26|0x0000000082e00000, 0x0000000082e00000, 0x0000000082f00000|  0%| F|  |TS  0|AC  0|TAMS 0x0000000082e00000, 0x0000000082e00000|
|  27|0x0000000082f00000, 0x0000000082f00000, 0x0000000083000000|  0%| F|  |TS  0|AC  0|TAMS 0x0000000082f00000, 0x0000000082f00000|
|  28|0x0000000083000000, 0x0000000083000000, 0x0000000083100000|  0%| F|  |TS  0|AC  0|TAMS 0x0000000083000000, 0x0000000083000000|
|  29|0x0000000083100000, 0x0000000083100000, 0x0000000083200000|  0%| F|  |TS  0|AC  0|TAMS 0x0000000083100000, 0x0000000083100000|
|  30|0x0000000083200000, 0x0000000083200000, 0x0000000083300000|  0%| F|  |TS  0|AC  0|TAMS 0x0000000083200000, 0x0000000083200000|
|  31|0x0000000083300000, 0x0000000083300000, 0x0000000083400000|  0%| F|  |TS  0|AC  0|TAMS 0x0000000083300000, 0x0000000083300000|
|  32|0x0000000083400000, 0x0000000083400000, 0x0000000083500000|  0%| F|  |TS  0|AC  0|TAMS 0x0000000083400000, 0x0000000083400000|
|  33|0x0000000083500000, 0x0000000083500000, 0x0000000083600000|  0%| F|  |TS  0|AC  0|TAMS 0x0000000083500000, 0x0000000083500000|
|  34|0x0000000083600000, 0x0000000083600000, 0x0000000083700000|  0%| F|  |TS  0|AC  0|TAMS 0x0000000083600000, 0x0000000083600000|
|  35|0x0000000083700000, 0x0000000083700000, 0x0000000083800000|  0%| F|  |TS  0|AC  0|TAMS 0x0000000083700000, 0x0000000083700000|
|  36|0x0000000083800000, 0x0000000083800000, 0x0000000083900000|  0%| F|  |TS  0|AC  0|TAMS 0x0000000083800000, 0x0000000083800000|
|  37|0x0000000083900000, 0x0000000083900000, 0x0000000083a00000|  0%| F|  |TS  0|AC  0|TAMS 0x0000000083900000, 0x0000000083900000|
|  38|0x0000000083a00000, 0x0000000083a00000, 0x0000000083b00000|  0%| F|  |TS  0|AC  0|TAMS 0x0000000083a00000, 0x0000000083a00000|
|  39|0x0000000083b00000, 0x0000000083b00000, 0x0000000083c00000|  0%| F|  |TS  0|AC  0|TAMS 0x0000000083b00000, 0x0000000083b00000|
|  40|0x0000000083c00000, 0x0000000083c00000, 0x0000000083d00000|  0%| F|  |TS  0|AC  0|TAMS 0x0000000083c00000, 0x0000000083c00000|
|  41|0x0000000083d00000, 0x0000000083d00000, 0x0000000083e00000|  0%| F|  |TS  0|AC  0|TAMS 0x0000000083d00000, 0x0000000083d00000|
|  42|0x0000000083e00000, 0x0000000083e00000, 0x0000000083f00000|  0%| F|  |TS  0|AC  0|TAMS 0x0000000083e00000, 0x0000000083e00000|
|  43|0x0000000083f00000, 0x0000000083f00000, 0x0000000084000000|  0%| F|  |TS  0|AC  0|TAMS 0x0000000083f00000, 0x0000000083f00000|
|  44|0x0000000084000000, 0x0000000084000000, 0x0000000084100000|  0%| F|  |TS  0|AC  0|TAMS 0x0000000084000000, 0x0000000084000000|
|  45|0x0000000084100000, 0x0000000084100000, 0x0000000084200000|  0%| F|  |TS  0|AC  0|TAMS 0x0000000084100000, 0x0000000084100000|
|  46|0x0000000084200000, 0x0000000084200000, 0x0000000084300000|  0%| F|  |TS  0|AC  0|TAMS 0x0000000084200000, 0x0000000084200000|
|  47|0x0000000084300000, 0x0000000084300000, 0x0000000084400000|  0%| F|  |TS  0|AC  0|TAMS 0x0000000084300000, 0x0000000084300000|
|  48|0x0000000084400000, 0x0000000084400000, 0x0000000084500000|  0%| F|  |TS  0|AC  0|TAMS 0x0000000084400000, 0x0000000084400000|
|  49|0x0000000084500000, 0x0000000084500000, 0x0000000084600000|  0%| F|  |TS  0|AC  0|TAMS 0x0000000084500000, 0x0000000084500000|
|  50|0x0000000084600000, 0x0000000084600000, 0x0000000084700000|  0%| F|  |TS  0|AC  0|TAMS 0x0000000084600000, 0x0000000084600000|
|  51|0x0000000084700000, 0x0000000084700000, 0x0000000084800000|  0%| F|  |TS  0|AC  0|TAMS 0x0000000084700000, 0x0000000084700000|
|  52|0x0000000084800000, 0x0000000084800000, 0x0000000084900000|  0%| F|  |TS  0|AC  0|TAMS 0x0000000084800000, 0x0000000084800000|
|  53|0x0000000084900000, 0x0000000084900000, 0x0000000084a00000|  0%| F|  |TS  0|AC  0|TAMS 0x0000000084900000, 0x0000000084900000|
|  54|0x0000000084a00000, 0x0000000084a00000, 0x0000000084b00000|  0%| F|  |TS  0|AC  0|TAMS 0x0000000084a00000, 0x0000000084a00000|
|  55|0x0000000084b00000, 0x0000000084b00000, 0x0000000084c00000|  0%| F|  |TS  0|AC  0|TAMS 0x0000000084b00000, 0x0000000084b00000|
|  56|0x0000000084c00000, 0x0000000084c00000, 0x0000000084d00000|  0%| F|  |TS  0|AC  0|TAMS 0x0000000084c00000, 0x0000000084c00000|
|  57|0x0000000084d00000, 0x0000000084d00000, 0x0000000084e00000|  0%| F|  |TS  0|AC  0|TAMS 0x0000000084d00000, 0x0000000084d00000|
|  58|0x0000000084e00000, 0x0000000084e00000, 0x0000000084f00000|  0%| F|  |TS  0|AC  0|TAMS 0x0000000084e00000, 0x0000000084e00000|
|  59|0x0000000084f00000, 0x0000000084f00000, 0x0000000085000000|  0%| F|  |TS  0|AC  0|TAMS 0x0000000084f00000, 0x0000000084f00000|
|  60|0x0000000085000000, 0x0000000085000000, 0x0000000085100000|  0%| F|  |TS  0|AC  0|TAMS 0x0000000085000000, 0x0000000085000000|
|  61|0x0000000085100000, 0x0000000085100000, 0x0000000085200000|  0%| F|  |TS  0|AC  0|TAMS 0x0000000085100000, 0x0000000085100000|
|  62|0x0000000085200000, 0x0000000085200000, 0x0000000085300000|  0%| F|  |TS  0|AC  0|TAMS 0x0000000085200000, 0x0000000085200000|
|  63|0x0000000085300000, 0x0000000085300000, 0x0000000085400000|  0%| F|  |TS  0|AC  0|TAMS 0x0000000085300000, 0x0000000085300000|
|  64|0x0000000085400000, 0x0000000085400000, 0x0000000085500000|  0%| F|  |TS  0|AC  0|TAMS 0x0000000085400000, 0x0000000085400000|
|  65|0x0000000085500000, 0x0000000085500000, 0x0000000085600000|  0%| F|  |TS  0|AC  0|TAMS 0x0000000085500000, 0x0000000085500000|
|  66|0x0000000085600000, 0x0000000085600000, 0x0000000085700000|  0%| F|  |TS  0|AC  0|TAMS 0x0000000085600000, 0x0000000085600000|
|  67|0x0000000085700000, 0x0000000085700000, 0x0000000085800000|  0%| F|  |TS  0|AC  0|TAMS 0x0000000085700000, 0x0000000085700000|
|  68|0x0000000085800000, 0x0000000085800000, 0x0000000085900000|  0%| F|  |TS  0|AC  0|TAMS 0x0000000085800000, 0x0000000085800000|
|  69|0x0000000085900000, 0x0000000085900000, 0x0000000085a00000|  0%| F|  |TS  0|AC  0|TAMS 0x0000000085900000, 0x0000000085900000|
|  70|0x0000000085a00000, 0x0000000085a00000, 0x0000000085b00000|  0%| F|  |TS  0|AC  0|TAMS 0x0000000085a00000, 0x0000000085a00000|
|  71|0x0000000085b00000, 0x0000000085b00000, 0x0000000085c00000|  0%| F|  |TS  0|AC  0|TAMS 0x0000000085b00000, 0x0000000085b00000|
|  72|0x0000000085c00000, 0x0000000085c00000, 0x0000000085d00000|  0%| F|  |TS  0|AC  0|TAMS 0x0000000085c00000, 0x0000000085c00000|
|  73|0x0000000085d00000, 0x0000000085d00000, 0x0000000085e00000|  0%| F|  |TS  0|AC  0|TAMS 0x0000000085d00000, 0x0000000085d00000|
|  74|0x0000000085e00000, 0x0000000085e00000, 0x0000000085f00000|  0%| F|  |TS  0|AC  0|TAMS 0x0000000085e00000, 0x0000000085e00000|
|  75|0x0000000085f00000, 0x0000000085f00000, 0x0000000086000000|  0%| F|  |TS  0|AC  0|TAMS 0x0000000085f00000, 0x0000000085f00000|
|  76|0x0000000086000000, 0x0000000086000000, 0x0000000086100000|  0%| F|  |TS  0|AC  0|TAMS 0x0000000086000000, 0x0000000086000000|
|  77|0x0000000086100000, 0x0000000086100000, 0x0000000086200000|  0%| F|  |TS  0|AC  0|TAMS 0x0000000086100000, 0x0000000086100000|
|  78|0x0000000086200000, 0x0000000086200000, 0x0000000086300000|  0%| F|  |TS  0|AC  0|TAMS 0x0000000086200000, 0x0000000086200000|
|  79|0x0000000086300000, 0x0000000086300000, 0x0000000086400000|  0%| F|  |TS  0|AC  0|TAMS 0x0000000086300000, 0x0000000086300000|
|  80|0x0000000086400000, 0x0000000086400000, 0x0000000086500000|  0%| F|  |TS  0|AC  0|TAMS 0x0000000086400000, 0x0000000086400000|
|  81|0x0000000086500000, 0x0000000086500000, 0x0000000086600000|  0%| F|  |TS  0|AC  0|TAMS 0x0000000086500000, 0x0000000086500000|
|  82|0x0000000086600000, 0x0000000086600000, 0x0000000086700000|  0%| F|  |TS  0|AC  0|TAMS 0x0000000086600000, 0x0000000086600000|
|  83|0x0000000086700000, 0x0000000086700000, 0x0000000086800000|  0%| F|  |TS  0|AC  0|TAMS 0x0000000086700000, 0x0000000086700000|
|  84|0x0000000086800000, 0x0000000086800000, 0x0000000086900000|  0%| F|  |TS  0|AC  0|TAMS 0x0000000086800000, 0x0000000086800000|
|  85|0x0000000086900000, 0x0000000086900000, 0x0000000086a00000|  0%| F|  |TS  0|AC  0|TAMS 0x0000000086900000, 0x0000000086900000|
|  86|0x0000000086a00000, 0x0000000086a00000, 0x0000000086b00000|  0%| F|  |TS  0|AC  0|TAMS 0x0000000086a00000, 0x0000000086a00000|
|  87|0x0000000086b00000, 0x0000000086b00000, 0x0000000086c00000|  0%| F|  |TS  0|AC  0|TAMS 0x0000000086b00000, 0x0000000086b00000|
|  88|0x0000000086c00000, 0x0000000086c00000, 0x0000000086d00000|  0%| F|  |TS  0|AC  0|TAMS 0x0000000086c00000, 0x0000000086c00000|
|  89|0x0000000086d00000, 0x0000000086d00000, 0x0000000086e00000|  0%| F|  |TS  0|AC  0|TAMS 0x0000000086d00000, 0x0000000086d00000|
|  90|0x0000000086e00000, 0x0000000086e00000, 0x0000000086f00000|  0%| F|  |TS  0|AC  0|TAMS 0x0000000086e00000, 0x0000000086e00000|
|  91|0x0000000086f00000, 0x0000000086f00000, 0x0000000087000000|  0%| F|  |TS  0|AC  0|TAMS 0x0000000086f00000, 0x0000000086f00000|
|  92|0x0000000087000000, 0x0000000087000000, 0x0000000087100000|  0%| F|  |TS  0|AC  0|TAMS 0x0000000087000000, 0x0000000087000000|
|  93|0x0000000087100000, 0x0000000087100000, 0x0000000087200000|  0%| F|  |TS  0|AC  0|TAMS 0x0000000087100000, 0x0000000087100000|
|  94|0x0000000087200000, 0x0000000087200000, 0x0000000087300000|  0%| F|  |TS  0|AC  0|TAMS 0x0000000087200000, 0x0000000087200000|
|  95|0x0000000087300000, 0x0000000087300000, 0x0000000087400000|  0%| F|  |TS  0|AC  0|TAMS 0x0000000087300000, 0x0000000087300000|
|  96|0x0000000087400000, 0x0000000087400000, 0x0000000087500000|  0%| F|  |TS  0|AC  0|TAMS 0x0000000087400000, 0x0000000087400000|
|  97|0x0000000087500000, 0x0000000087500000, 0x0000000087600000|  0%| F|  |TS  0|AC  0|TAMS 0x0000000087500000, 0x0000000087500000|
|  98|0x0000000087600000, 0x0000000087600000, 0x0000000087700000|  0%| F|  |TS  0|AC  0|TAMS 0x0000000087600000, 0x0000000087600000|
|  99|0x0000000087700000, 0x0000000087700000, 0x0000000087800000|  0%| F|  |TS  0|AC  0|TAMS 0x0000000087700000, 0x0000000087700000|
| 100|0x0000000087800000, 0x0000000087800000, 0x0000000087900000|  0%| F|  |TS  0|AC  0|TAMS 0x0000000087800000, 0x0000000087800000|
| 101|0x0000000087900000, 0x0000000087900000, 0x0000000087a00000|  0%| F|  |TS  0|AC  0|TAMS 0x0000000087900000, 0x0000000087900000|
| 102|0x0000000087a00000, 0x0000000087a00000, 0x0000000087b00000|  0%| F|  |TS  0|AC  0|TAMS 0x0000000087a00000, 0x0000000087a00000|
| 103|0x0000000087b00000, 0x0000000087b00000, 0x0000000087c00000|  0%| F|  |TS  0|AC  0|TAMS 0x0000000087b00000, 0x0000000087b00000|
| 104|0x0000000087c00000, 0x0000000087c00000, 0x0000000087d00000|  0%| F|  |TS  0|AC  0|TAMS 0x0000000087c00000, 0x0000000087c00000|
| 105|0x0000000087d00000, 0x0000000087d00000, 0x0000000087e00000|  0%| F|  |TS  0|AC  0|TAMS 0x0000000087d00000, 0x0000000087d00000|
| 106|0x0000000087e00000, 0x0000000087e00000, 0x0000000087f00000|  0%| F|  |TS  0|AC  0|TAMS 0x0000000087e00000, 0x0000000087e00000|
| 107|0x0000000087f00000, 0x0000000087f5f3c8, 0x0000000088000000| 37%| E|  |TS  0|AC  0|TAMS 0x0000000087f00000, 0x0000000087f00000|
| 108|0x0000000088000000, 0x0000000088100000, 0x0000000088100000|100%| E|CS|TS  0|AC  0|TAMS 0x0000000088000000, 0x0000000088000000|
| 109|0x0000000088100000, 0x0000000088200000, 0x0000000088200000|100%| E|CS|TS  0|AC  0|TAMS 0x0000000088100000, 0x0000000088100000|
| 110|0x0000000088200000, 0x0000000088300000, 0x0000000088300000|100%| E|CS|TS  0|AC  0|TAMS 0x0000000088200000, 0x0000000088200000|
| 111|0x0000000088300000, 0x0000000088400000, 0x0000000088400000|100%| E|CS|TS  0|AC  0|TAMS 0x0000000088300000, 0x0000000088300000|
| 112|0x0000000088400000, 0x0000000088500000, 0x0000000088500000|100%| S|CS|TS  1|AC  0|TAMS 0x0000000088400000, 0x0000000088400000|
| 113|0x0000000088500000, 0x0000000088600000, 0x0000000088600000|100%| S|CS|TS  1|AC  0|TAMS 0x0000000088500000, 0x0000000088500000|
| 114|0x0000000088600000, 0x0000000088700000, 0x0000000088700000|100%| E|CS|TS  1|AC  0|TAMS 0x0000000088600000, 0x0000000088600000|
| 115|0x0000000088700000, 0x0000000088800000, 0x0000000088800000|100%| E|CS|TS  1|AC  0|TAMS 0x0000000088700000, 0x0000000088700000|
| 116|0x0000000088800000, 0x0000000088900000, 0x0000000088900000|100%| E|CS|TS  1|AC  0|TAMS 0x0000000088800000, 0x0000000088800000|
| 117|0x0000000088900000, 0x0000000088a00000, 0x0000000088a00000|100%| E|CS|TS  1|AC  0|TAMS 0x0000000088900000, 0x0000000088900000|
| 118|0x0000000088a00000, 0x0000000088b00000, 0x0000000088b00000|100%| E|CS|TS  1|AC  0|TAMS 0x0000000088a00000, 0x0000000088a00000|
| 119|0x0000000088b00000, 0x0000000088c00000, 0x0000000088c00000|100%| E|CS|TS  1|AC  0|TAMS 0x0000000088b00000, 0x0000000088b00000|
| 120|0x0000000088c00000, 0x0000000088d00000, 0x0000000088d00000|100%| E|CS|TS  1|AC  0|TAMS 0x0000000088c00000, 0x0000000088c00000|
| 121|0x0000000088d00000, 0x0000000088e00000, 0x0000000088e00000|100%| E|CS|TS  1|AC  0|TAMS 0x0000000088d00000, 0x0000000088d00000|
| 122|0x0000000088e00000, 0x0000000088f00000, 0x0000000088f00000|100%| E|CS|TS  1|AC  0|TAMS 0x0000000088e00000, 0x0000000088e00000|
| 123|0x0000000088f00000, 0x0000000089000000, 0x0000000089000000|100%| E|CS|TS  1|AC  0|TAMS 0x0000000088f00000, 0x0000000088f00000|
| 124|0x0000000089000000, 0x0000000089100000, 0x0000000089100000|100%| E|CS|TS  1|AC  0|TAMS 0x0000000089000000, 0x0000000089000000|
| 125|0x0000000089100000, 0x0000000089200000, 0x0000000089200000|100%| E|CS|TS  1|AC  0|TAMS 0x0000000089100000, 0x0000000089100000|
| 126|0x0000000089200000, 0x0000000089300000, 0x0000000089300000|100%| E|CS|TS  1|AC  0|TAMS 0x0000000089200000, 0x0000000089200000|
| 127|0x0000000089300000, 0x0000000089400000, 0x0000000089400000|100%| E|CS|TS  1|AC  0|TAMS 0x0000000089300000, 0x0000000089300000|

Card table byte_map: [0x0000025e26890000,0x0000025e26c90000] byte_map_base: 0x0000025e26486000

Marking Bits (Prev, Next): (CMBitMap*) 0x0000025e0dc42560, (CMBitMap*) 0x0000025e0dc42598
 Prev Bits: [0x0000025e27090000, 0x0000025e29040000)
 Next Bits: [0x0000025e29040000, 0x0000025e2aff0000)

Polling page: 0x0000025e0da10000

CodeHeap 'non-profiled nmethods': size=120064Kb used=804Kb max_used=804Kb free=119259Kb
 bounds [0x0000025e1e920000, 0x0000025e1eb90000, 0x0000025e25e60000]
CodeHeap 'profiled nmethods': size=120000Kb used=3351Kb max_used=3351Kb free=116648Kb
 bounds [0x0000025e173f0000, 0x0000025e17740000, 0x0000025e1e920000]
CodeHeap 'non-nmethods': size=5696Kb used=1187Kb max_used=1223Kb free=4508Kb
 bounds [0x0000025e16e60000, 0x0000025e170d0000, 0x0000025e173f0000]
 total_blobs=2735 nmethods=1785 adapters=452
 compilation: enabled

Compilation events (10 events):
Event: 14.701 Thread 0x0000025e2df8c000 1732       3       sun.font.GlyphList::mapChars (47 bytes)
Event: 14.701 Thread 0x0000025e2df8c000 nmethod 1732 0x0000025e17719e90 code [0x0000025e1771a080, 0x0000025e1771a4b0]
Event: 14.702 Thread 0x0000025e2df8c000 1733       3       sun.java2d.pipe.SolidTextRenderer::drawGlyphList (17 bytes)
Event: 14.702 Thread 0x0000025e2df8c000 nmethod 1733 0x0000025e1771a610 code [0x0000025e1771a7e0, 0x0000025e1771a9b0]
Event: 14.702 Thread 0x0000025e2df8c000 1735       3       sun.font.GlyphList::dispose (48 bytes)
Event: 14.702 Thread 0x0000025e2df8c000 nmethod 1735 0x0000025e1771ab10 code [0x0000025e1771ace0, 0x0000025e1771aff8]
Event: 14.904 Thread 0x0000025e2d6a2800 nmethod 1697 0x0000025e1e9c4c90 code [0x0000025e1e9c53a0, 0x0000025e1e9cd488]
Event: 14.904 Thread 0x0000025e2d6a2800 1736       4       java.awt.Component::getFont_NoClientCode (29 bytes)
Event: 14.906 Thread 0x0000025e2d6a2800 nmethod 1736 0x0000025e1e9d3a10 code [0x0000025e1e9d3bc0, 0x0000025e1e9d3c88]
Event: 14.906 Thread 0x0000025e2d6a2800 1723       4       sun.java2d.SunGraphics2D::dispose (12 bytes)

GC Heap History (2 events):
Event: 2.187 GC heap before
{Heap before GC invocations=0 (full 0):
 garbage-first heap   total 131072K, used 19456K [0x0000000081400000, 0x0000000100000000)
  region size 1024K, 14 young (14336K), 0 survivors (0K)
 Metaspace       used 9943K, capacity 10233K, committed 10496K, reserved 1058816K
  class space    used 1093K, capacity 1240K, committed 1280K, reserved 1048576K
}
Event: 2.192 GC heap after
{Heap after GC invocations=1 (full 0):
 garbage-first heap   total 131072K, used 8012K [0x0000000081400000, 0x0000000100000000)
  region size 1024K, 2 young (2048K), 2 survivors (2048K)
 Metaspace       used 9943K, capacity 10233K, committed 10496K, reserved 1058816K
  class space    used 1093K, capacity 1240K, committed 1280K, reserved 1048576K
}

Deoptimization events (10 events):
Event: 1.766 Thread 0x0000025e2fbda000 Uncommon trap: reason=unstable_if action=reinterpret pc=0x0000025e1e962ce0 method=sun.awt.image.PNGImageDecoder.update_crc(I[BII)I @ 7 c2
Event: 1.831 Thread 0x0000025e2fbda000 Uncommon trap: reason=unstable_if action=reinterpret pc=0x0000025e1e9607e8 method=sun.awt.image.PNGImageDecoder.produceImage()V @ 869 c2
Event: 2.280 Thread 0x0000025e2e778000 Uncommon trap: reason=unstable_if action=reinterpret pc=0x0000025e1e966444 method=sun.awt.image.ImageRepresentation.getOpaqueRGBImage()Ljava/awt/image/BufferedImage; @ 57 c2
Event: 11.930 Thread 0x0000025e2e4aa800 Uncommon trap: reason=class_check action=maybe_recompile pc=0x0000025e1e988878 method=java.util.HashMap.putVal(ILjava/lang/Object;Ljava/lang/Object;ZZ)Ljava/lang/Object; @ 203 c2
Event: 11.931 Thread 0x0000025e2e4aa800 Uncommon trap: reason=class_check action=maybe_recompile pc=0x0000025e1e988878 method=java.util.HashMap.putVal(ILjava/lang/Object;Ljava/lang/Object;ZZ)Ljava/lang/Object; @ 203 c2
Event: 11.932 Thread 0x0000025e2e4aa800 Uncommon trap: reason=class_check action=maybe_recompile pc=0x0000025e1e988878 method=java.util.HashMap.putVal(ILjava/lang/Object;Ljava/lang/Object;ZZ)Ljava/lang/Object; @ 203 c2
Event: 11.933 Thread 0x0000025e2e4aa800 Uncommon trap: reason=class_check action=maybe_recompile pc=0x0000025e1e988878 method=java.util.HashMap.putVal(ILjava/lang/Object;Ljava/lang/Object;ZZ)Ljava/lang/Object; @ 203 c2
Event: 12.353 Thread 0x0000025e2e4aa800 Uncommon trap: reason=unstable_if action=reinterpret pc=0x0000025e1e9a5584 method=sun.font.CMap$CMapFormat4.getGlyph(I)C @ 181 c2
Event: 12.776 Thread 0x0000025e2e4aa800 Uncommon trap: reason=class_check action=maybe_recompile pc=0x0000025e1e990b94 method=java.util.HashMap.getNode(ILjava/lang/Object;)Ljava/util/HashMap$Node; @ 126 c2
Event: 12.784 Thread 0x0000025e2e4aa800 Uncommon trap: reason=class_check action=maybe_recompile pc=0x0000025e1e990b94 method=java.util.HashMap.getNode(ILjava/lang/Object;)Ljava/util/HashMap$Node; @ 126 c2

Classes redefined (0 events):
No events

Internal exceptions (10 events):
Event: 1.526 Thread 0x0000025e2fbda000 Exception <a 'java/io/FileNotFoundException'{0x0000000088c0f0e8}> (0x0000000088c0f0e8) thrown at [t:/workspace/open/src/hotspot/share/prims/jni.cpp, line 611]
Event: 2.141 Thread 0x0000025e2fbda000 Exception <a 'java/lang/InterruptedException'{0x0000000088641008}: sleep interrupted> (0x0000000088641008) thrown at [t:/workspace/open/src/hotspot/share/prims/jvm.cpp, line 3034]
Event: 2.300 Thread 0x0000025e2fbda000 Exception <a 'java/io/FileNotFoundException'{0x0000000089227dd0}> (0x0000000089227dd0) thrown at [t:/workspace/open/src/hotspot/share/prims/jni.cpp, line 611]
Event: 2.605 Thread 0x0000025e0dbb6000 Exception <a 'java/lang/NoSuchMethodError'{0x00000000892a77c8}: java.lang.invoke.DirectMethodHandle$Holder.invokeStaticInit(Ljava/lang/Object;)V> (0x00000000892a77c8) thrown at [t:/workspace/open/src/hotspot/share/interpreter/linkResolver.cpp, line 741]
Event: 2.673 Thread 0x0000025e0dbb6000 Exception <a 'java/io/FileNotFoundException'{0x00000000892be420}> (0x00000000892be420) thrown at [t:/workspace/open/src/hotspot/share/prims/jni.cpp, line 611]
Event: 2.673 Thread 0x0000025e0dbb6000 Exception <a 'java/lang/NullPointerException'{0x00000000892bed08}> (0x00000000892bed08) thrown at [t:/workspace/open/src/hotspot/share/interpreter/linkResolver.cpp, line 1324]
Event: 2.795 Thread 0x0000025e0dbb6000 Exception <a 'java/lang/NoSuchMethodError'{0x0000000088f76aa0}: java.lang.invoke.DirectMethodHandle$Holder.invokeStatic(Ljava/lang/Object;Ljava/lang/Object;Ljava/lang/Object;Ljava/lang/Object;Ljava/lang/Object;Ljava/lang/Object;Ljava/lang/Object;Ljava/lan
Event: 2.797 Thread 0x0000025e0dbb6000 Exception <a 'java/lang/NoSuchMethodError'{0x0000000088f973e8}: java.lang.invoke.DirectMethodHandle$Holder.invokeStatic(Ljava/lang/Object;Ljava/lang/Object;Ljava/lang/Object;Ljava/lang/Object;Ljava/lang/Object;Ljava/lang/Object;Ljava/lang/Object;Ljava/lan
Event: 2.799 Thread 0x0000025e0dbb6000 Exception <a 'java/lang/NoSuchMethodError'{0x0000000088fb8b20}: java.lang.invoke.DirectMethodHandle$Holder.invokeStatic(Ljava/lang/Object;Ljava/lang/Object;Ljava/lang/Object;Ljava/lang/Object;Ljava/lang/Object;Ljava/lang/Object;Ljava/lang/Object;Ljava/lan
Event: 4.174 Thread 0x0000025e2e4aa800 Exception <a 'java/lang/NoSuchMethodError'{0x00000000891d9218}: java.lang.invoke.DirectMethodHandle$Holder.invokeStatic(Ljava/lang/Object;Ljava/lang/Object;Ljava/lang/Object;Ljava/lang/Object;Ljava/lang/Object;Ljava/lang/Object;Ljava/lang/Object;Ljava/lan

Events (10 events):
Event: 12.784 Thread 0x0000025e2e4aa800 DEOPT PACKING pc=0x0000025e1e990b94 sp=0x0000007c0b5fb140
Event: 12.784 Thread 0x0000025e2e4aa800 DEOPT UNPACKING pc=0x0000025e16e88a2f sp=0x0000007c0b5fb0a8 mode 2
Event: 12.784 loading class javax/swing/Popup$HeavyWeightWindow
Event: 12.784 loading class sun/awt/ModalExclude
Event: 12.784 loading class sun/awt/ModalExclude done
Event: 12.784 loading class javax/swing/JWindow
Event: 12.784 loading class javax/swing/JWindow done
Event: 12.784 loading class javax/swing/Popup$HeavyWeightWindow done
Event: 13.288 Thread 0x0000025e2e4aa800 DEOPT PACKING pc=0x0000025e176155d8 sp=0x0000007c0b5f9920
Event: 13.288 Thread 0x0000025e2e4aa800 DEOPT UNPACKING pc=0x0000025e16e8884e sp=0x0000007c0b5f8e00 mode 0


Dynamic libraries:
0x00007ff638260000 - 0x00007ff63829e000 	C:\Program Files\Java\jre-10.0.1\bin\javaw.exe
0x00007ff8d7d70000 - 0x00007ff8d7f51000 	C:\WINDOWS\SYSTEM32\ntdll.dll
0x00007ff8cdf50000 - 0x00007ff8cdf84000 	C:\Program Files\AVAST Software\Avast\x64\aswhooka.dll
0x00007ff8d7be0000 - 0x00007ff8d7c92000 	C:\WINDOWS\System32\KERNEL32.DLL
0x00007ff8d43b0000 - 0x00007ff8d4623000 	C:\WINDOWS\System32\KERNELBASE.dll
0x00007ff8d6810000 - 0x00007ff8d68b1000 	C:\WINDOWS\System32\ADVAPI32.dll
0x00007ff8d52d0000 - 0x00007ff8d536e000 	C:\WINDOWS\System32\msvcrt.dll
0x00007ff8d7200000 - 0x00007ff8d725b000 	C:\WINDOWS\System32\sechost.dll
0x00007ff8d69a0000 - 0x00007ff8d6ac4000 	C:\WINDOWS\System32\RPCRT4.dll
0x00007ff8d6b00000 - 0x00007ff8d6c90000 	C:\WINDOWS\System32\USER32.dll
0x00007ff8d4140000 - 0x00007ff8d4160000 	C:\WINDOWS\System32\win32u.dll
0x00007ff8d6ad0000 - 0x00007ff8d6af8000 	C:\WINDOWS\System32\GDI32.dll
0x00007ff8d4eb0000 - 0x00007ff8d5042000 	C:\WINDOWS\System32\gdi32full.dll
0x00007ff8d4700000 - 0x00007ff8d479f000 	C:\WINDOWS\System32\msvcp_win.dll
0x00007ff8d5100000 - 0x00007ff8d51fa000 	C:\WINDOWS\System32\ucrtbase.dll
0x00007ff8bcb90000 - 0x00007ff8bcdf9000 	C:\WINDOWS\WinSxS\amd64_microsoft.windows.common-controls_6595b64144ccf1df_6.0.17134.112_none_fb3f961b30681c12\COMCTL32.dll
0x00007ff8d78b0000 - 0x00007ff8d7bd3000 	C:\WINDOWS\System32\combase.dll
0x00007ff8d4630000 - 0x00007ff8d46aa000 	C:\WINDOWS\System32\bcryptPrimitives.dll
0x00007ff8ce7c0000 - 0x00007ff8ce7ca000 	C:\WINDOWS\SYSTEM32\VERSION.dll
0x00007ff8d7d10000 - 0x00007ff8d7d3d000 	C:\WINDOWS\System32\IMM32.DLL
0x00007ff8c4380000 - 0x00007ff8c446f000 	C:\Program Files\Java\jre-10.0.1\bin\msvcr120.dll
0x00007ff8c42d0000 - 0x00007ff8c4376000 	C:\Program Files\Java\jre-10.0.1\bin\msvcp120.dll
0x000000006e630000 - 0x000000006f0a0000 	C:\Program Files\Java\jre-10.0.1\bin\server\jvm.dll
0x00007ff8d7ca0000 - 0x00007ff8d7ca8000 	C:\WINDOWS\System32\PSAPI.DLL
0x00007ff8c8450000 - 0x00007ff8c8459000 	C:\WINDOWS\SYSTEM32\WSOCK32.dll
0x00007ff8d6c90000 - 0x00007ff8d6cfc000 	C:\WINDOWS\System32\WS2_32.dll
0x00007ff8c90c0000 - 0x00007ff8c90e3000 	C:\WINDOWS\SYSTEM32\WINMM.dll
0x00007ff8c9070000 - 0x00007ff8c909a000 	C:\WINDOWS\SYSTEM32\WINMMBASE.dll
0x00007ff8d46b0000 - 0x00007ff8d46f9000 	C:\WINDOWS\System32\cfgmgr32.dll
0x00007ff8d0590000 - 0x00007ff8d059f000 	C:\Program Files\Java\jre-10.0.1\bin\verify.dll
0x00007ff8cf0b0000 - 0x00007ff8cf279000 	C:\WINDOWS\SYSTEM32\DBGHELP.DLL
0x00007ff8ced40000 - 0x00007ff8ced69000 	C:\WINDOWS\SYSTEM32\dbgcore.DLL
0x00007ff8cd2b0000 - 0x00007ff8cd2d7000 	C:\Program Files\Java\jre-10.0.1\bin\java.dll
0x00007ff8d0550000 - 0x00007ff8d0566000 	C:\Program Files\Java\jre-10.0.1\bin\zip.dll
0x00007ff8d0580000 - 0x00007ff8d058a000 	C:\Program Files\Java\jre-10.0.1\bin\jimage.dll
0x00007ff8d53d0000 - 0x00007ff8d6810000 	C:\WINDOWS\System32\SHELL32.dll
0x00007ff8d5220000 - 0x00007ff8d52c9000 	C:\WINDOWS\System32\shcore.dll
0x00007ff8d47a0000 - 0x00007ff8d4ead000 	C:\WINDOWS\System32\windows.storage.dll
0x00007ff8d5370000 - 0x00007ff8d53c1000 	C:\WINDOWS\System32\shlwapi.dll
0x00007ff8d40d0000 - 0x00007ff8d40e1000 	C:\WINDOWS\System32\kernel.appcore.dll
0x00007ff8d4110000 - 0x00007ff8d412f000 	C:\WINDOWS\System32\profapi.dll
0x00007ff8d4080000 - 0x00007ff8d40cc000 	C:\WINDOWS\System32\powrprof.dll
0x00007ff8d4130000 - 0x00007ff8d413a000 	C:\WINDOWS\System32\FLTLIB.DLL
0x00007ff8be960000 - 0x00007ff8beafb000 	C:\Program Files\Java\jre-10.0.1\bin\awt.dll
0x00007ff8d6d00000 - 0x00007ff8d6dc2000 	C:\WINDOWS\System32\OLEAUT32.dll
0x00007ff8d05c0000 - 0x00007ff8d0b87000 	C:\WINDOWS\SYSTEM32\d2d1.dll
0x00007ff8d1b60000 - 0x00007ff8d1beb000 	C:\WINDOWS\SYSTEM32\apphelp.dll
0x00007ff8d29b0000 - 0x00007ff8d29d9000 	C:\WINDOWS\system32\DWMAPI.DLL
0x00007ff8d2530000 - 0x00007ff8d25c8000 	C:\WINDOWS\system32\uxtheme.dll
0x00007ff8c4020000 - 0x00007ff8c4140000 	C:\WINDOWS\system32\opengl32.dll
0x00007ff8c7f90000 - 0x00007ff8c7fbc000 	C:\WINDOWS\SYSTEM32\GLU32.dll
0x00007ff8d6f80000 - 0x00007ff8d70f5000 	C:\WINDOWS\System32\MSCTF.dll
0x00007ff8d7260000 - 0x00007ff8d73b1000 	C:\WINDOWS\System32\ole32.dll
0x00007ff8cc140000 - 0x00007ff8cc16b000 	C:\Program Files\Java\jre-10.0.1\bin\javajpeg.dll
0x00007ff8c65d0000 - 0x00007ff8c6635000 	C:\Program Files\Java\jre-10.0.1\bin\fontmanager.dll
0x00007ff8c6370000 - 0x00007ff8c6408000 	C:\WINDOWS\System32\TextInputFramework.dll
0x00007ff8c6050000 - 0x00007ff8c636e000 	C:\WINDOWS\System32\CoreUIComponents.dll
0x00007ff8d1360000 - 0x00007ff8d143a000 	C:\WINDOWS\System32\CoreMessaging.dll
0x00007ff8d3170000 - 0x00007ff8d31a1000 	C:\WINDOWS\SYSTEM32\ntmarta.dll
0x00007ff8d1910000 - 0x00007ff8d1a5d000 	C:\WINDOWS\SYSTEM32\wintypes.dll
0x00007ff8d73c0000 - 0x00007ff8d7460000 	C:\WINDOWS\System32\clbcatq.dll
0x00007ff8bbb50000 - 0x00007ff8bbc21000 	C:\Windows\System32\IME\IMEKR\imkrtip.dll
0x00007ff8cfee0000 - 0x00007ff8d0094000 	C:\WINDOWS\SYSTEM32\PROPSYS.dll
0x00007ff8bb9f0000 - 0x00007ff8bbb46000 	C:\Windows\System32\IME\shared\imetip.dll
0x00007ff8bb7d0000 - 0x00007ff8bb83b000 	C:\WINDOWS\SYSTEM32\OLEACC.dll
0x00007ff8bb840000 - 0x00007ff8bb9eb000 	C:\WINDOWS\SYSTEM32\DUI70.dll
0x00007ff8bad40000 - 0x00007ff8bad7d000 	C:\Windows\System32\IME\IMEKR\imkrapi.dll
0x00007ff8bad00000 - 0x00007ff8bad40000 	C:\Windows\System32\IME\shared\imjkapi.dll
0x00007ff8cfec0000 - 0x00007ff8cfeda000 	C:\Program Files\Java\jre-10.0.1\bin\net.dll
0x00007ff8d0360000 - 0x00007ff8d043d000 	C:\WINDOWS\SYSTEM32\WINHTTP.dll
0x00007ff8d38a0000 - 0x00007ff8d3906000 	C:\WINDOWS\system32\mswsock.dll
0x00007ff8cd290000 - 0x00007ff8cd2a1000 	C:\Program Files\Java\jre-10.0.1\bin\nio.dll
0x00007ff8c8bc0000 - 0x00007ff8c8c02000 	C:\Program Files\Java\jre-10.0.1\bin\t2k.dll

dbghelp: loaded successfully - version: 4.0.5 - missing functions: none
symbol engine: initialized successfully - sym options: 0x614 - pdb path: .;C:\Program Files\Java\jre-10.0.1\bin;C:\WINDOWS\SYSTEM32;C:\Program Files\AVAST Software\Avast\x64;C:\WINDOWS\WinSxS\amd64_microsoft.windows.common-controls_6595b64144ccf1df_6.0.17134.112_none_fb3f961b30681c12;C:\Program Files\Java\jre-10.0.1\bin\server;C:\Windows\System32\IME\IMEKR;C:\Windows\System32\IME\shared

VM Arguments:
jvm_args: -Dfile.encoding=UTF-8 
java_command: doublebuffering.DoubleBuffering
java_class_path (initial): C:\Users\yang\Desktop\ÄÚÀÎ¸Ô (1) (1)\ÄÚÀÎ¸Ô\build\classes
Launcher Type: SUN_STANDARD

Logging:
Log output configuration:
#0: stdout all=warning uptime,level,tags
#1: stderr all=off uptime,level,tags

Environment Variables:
JAVA_HOME=C:\Program Files\Java\jdk-10.0.1
CLASSPATH=%classpath%;.;.;.
PATH=C:/Program Files/Java/jre1.8.0_171/bin/server;C:/Program Files/Java/jre1.8.0_171/bin;C:/Program Files/Java/jre1.8.0_171/lib/amd64;C:\oraclexe\app\oracle\product\11.2.0\server\bin;;C:\Program Files (x86)\Common Files\Oracle\Java\javapath;C:\ProgramData\Oracle\Java\javapath;C:\WINDOWS\system32;C:\WINDOWS;C:\WINDOWS\System32\Wbem;C:\WINDOWS\System32\WindowsPowerShell\v1.0\;C:\Program Files\Java\jdk-10.0.1bin;C:\WINDOWS\System32\OpenSSH\;C:\WINDOWS\system32\config\systemprofile\.dnx\bin;C:\Program Files\Microsoft DNX\Dnvm\;C:\Program Files\Microsoft SQL Server\130\Tools\Binn\;C:\Users\yang\AppData\Local\Microsoft\WindowsApps;;C:\Users\yang\Desktop;
USERNAME=yang
OS=Windows_NT
PROCESSOR_IDENTIFIER=Intel64 Family 6 Model 60 Stepping 3, GenuineIntel



---------------  S Y S T E M  ---------------

OS: Windows 10 , 64 bit Build 17134 (10.0.17134.1)

CPU:total 4 (initial active 4) (2 cores per cpu, 2 threads per core) family 6 model 60 stepping 3, cmov, cx8, fxsr, mmx, sse, sse2, sse3, ssse3, sse4.1, sse4.2, popcnt, avx, avx2, clmul, erms, lzcnt, ht, tsc, tscinvbit, bmi1, bmi2, fma

Memory: 4k page, physical 8303100k(265660k free), swap 33468924k(5772k free)

vm_info: Java HotSpot(TM) 64-Bit Server VM (10.0.1+10) for windows-amd64 JRE (10.0.1+10), built on Mar 27 2018 02:27:48 by "mach5one" with MS VC++ 12.0 (VS2013)

END.
